{"/home/paula/documentos/Blitz de Carreira/backend/src/api.js": {"path":"/home/paula/documentos/Blitz de Carreira/backend/src/api.js","statementMap":{"0":{"start":{"line":1,"column":16},"end":{"line":1,"column":34}},"1":{"start":{"line":2,"column":15},"end":{"line":2,"column":34}},"2":{"start":{"line":3,"column":13},"end":{"line":3,"column":28}},"3":{"start":{"line":5,"column":12},"end":{"line":5,"column":21}},"4":{"start":{"line":7,"column":0},"end":{"line":7,"column":24}},"5":{"start":{"line":8,"column":0},"end":{"line":8,"column":16}},"6":{"start":{"line":9,"column":0},"end":{"line":9,"column":16}},"7":{"start":{"line":11,"column":0},"end":{"line":11,"column":21}}},"fnMap":{},"branchMap":{},"s":{"0":3,"1":3,"2":3,"3":3,"4":3,"5":3,"6":3,"7":3},"f":{},"b":{},"_coverageSchema":"1a1c01bbd47fc00a2c39e90264f33305004495a9","hash":"f9e780d2baae359dc6570b0d3d9668bff1869857"}
,"/home/paula/documentos/Blitz de Carreira/backend/src/controllers/loginController.js": {"path":"/home/paula/documentos/Blitz de Carreira/backend/src/controllers/loginController.js","statementMap":{"0":{"start":{"line":1,"column":21},"end":{"line":1,"column":56}},"1":{"start":{"line":3,"column":14},"end":{"line":8,"column":1}},"2":{"start":{"line":4,"column":30},"end":{"line":4,"column":38}},"3":{"start":{"line":5,"column":19},"end":{"line":5,"column":65}},"4":{"start":{"line":6,"column":2},"end":{"line":6,"column":77}},"5":{"start":{"line":6,"column":21},"end":{"line":6,"column":77}},"6":{"start":{"line":7,"column":2},"end":{"line":7,"column":40}},"7":{"start":{"line":10,"column":0},"end":{"line":10,"column":27}}},"fnMap":{"0":{"name":"(anonymous_0)","decl":{"start":{"line":3,"column":14},"end":{"line":3,"column":15}},"loc":{"start":{"line":3,"column":41},"end":{"line":8,"column":1}},"line":3}},"branchMap":{"0":{"loc":{"start":{"line":6,"column":2},"end":{"line":6,"column":77}},"type":"if","locations":[{"start":{"line":6,"column":2},"end":{"line":6,"column":77}},{"start":{},"end":{}}],"line":6}},"s":{"0":3,"1":3,"2":4,"3":4,"4":4,"5":2,"6":2,"7":3},"f":{"0":4},"b":{"0":[2,2]},"_coverageSchema":"1a1c01bbd47fc00a2c39e90264f33305004495a9","hash":"eda81cb952d5d6152cba2a70f34ca6b014a7ee2d"}
,"/home/paula/documentos/Blitz de Carreira/backend/src/controllers/registerController.js": {"path":"/home/paula/documentos/Blitz de Carreira/backend/src/controllers/registerController.js","statementMap":{"0":{"start":{"line":1,"column":24},"end":{"line":1,"column":62}},"1":{"start":{"line":3,"column":20},"end":{"line":8,"column":1}},"2":{"start":{"line":4,"column":51},"end":{"line":4,"column":59}},"3":{"start":{"line":5,"column":19},"end":{"line":5,"column":85}},"4":{"start":{"line":6,"column":2},"end":{"line":6,"column":77}},"5":{"start":{"line":6,"column":21},"end":{"line":6,"column":77}},"6":{"start":{"line":7,"column":2},"end":{"line":7,"column":40}},"7":{"start":{"line":10,"column":0},"end":{"line":10,"column":33}}},"fnMap":{"0":{"name":"(anonymous_0)","decl":{"start":{"line":3,"column":20},"end":{"line":3,"column":21}},"loc":{"start":{"line":3,"column":47},"end":{"line":8,"column":1}},"line":3}},"branchMap":{"0":{"loc":{"start":{"line":6,"column":2},"end":{"line":6,"column":77}},"type":"if","locations":[{"start":{"line":6,"column":2},"end":{"line":6,"column":77}},{"start":{},"end":{}}],"line":6}},"s":{"0":3,"1":3,"2":4,"3":4,"4":4,"5":2,"6":2,"7":3},"f":{"0":4},"b":{"0":[2,2]},"_coverageSchema":"1a1c01bbd47fc00a2c39e90264f33305004495a9","hash":"347ae9065c74a6a7267c6a422fe372cd08495e5c"}
,"/home/paula/documentos/Blitz de Carreira/backend/src/controllers/tasksController.js": {"path":"/home/paula/documentos/Blitz de Carreira/backend/src/controllers/tasksController.js","statementMap":{"0":{"start":{"line":1,"column":21},"end":{"line":1,"column":56}},"1":{"start":{"line":3,"column":17},"end":{"line":7,"column":1}},"2":{"start":{"line":4,"column":21},"end":{"line":4,"column":36}},"3":{"start":{"line":5,"column":19},"end":{"line":5,"column":56}},"4":{"start":{"line":6,"column":2},"end":{"line":6,"column":40}},"5":{"start":{"line":9,"column":16},"end":{"line":14,"column":1}},"6":{"start":{"line":10,"column":21},"end":{"line":10,"column":36}},"7":{"start":{"line":11,"column":34},"end":{"line":11,"column":42}},"8":{"start":{"line":12,"column":19},"end":{"line":12,"column":77}},"9":{"start":{"line":13,"column":2},"end":{"line":13,"column":40}},"10":{"start":{"line":16,"column":19},"end":{"line":20,"column":1}},"11":{"start":{"line":17,"column":38},"end":{"line":17,"column":46}},"12":{"start":{"line":18,"column":19},"end":{"line":18,"column":69}},"13":{"start":{"line":19,"column":2},"end":{"line":19,"column":40}},"14":{"start":{"line":22,"column":19},"end":{"line":27,"column":1}},"15":{"start":{"line":23,"column":17},"end":{"line":23,"column":27}},"16":{"start":{"line":24,"column":19},"end":{"line":24,"column":48}},"17":{"start":{"line":25,"column":2},"end":{"line":25,"column":77}},"18":{"start":{"line":25,"column":21},"end":{"line":25,"column":77}},"19":{"start":{"line":26,"column":2},"end":{"line":26,"column":40}},"20":{"start":{"line":29,"column":0},"end":{"line":29,"column":63}}},"fnMap":{"0":{"name":"(anonymous_0)","decl":{"start":{"line":3,"column":17},"end":{"line":3,"column":18}},"loc":{"start":{"line":3,"column":44},"end":{"line":7,"column":1}},"line":3},"1":{"name":"(anonymous_1)","decl":{"start":{"line":9,"column":16},"end":{"line":9,"column":17}},"loc":{"start":{"line":9,"column":43},"end":{"line":14,"column":1}},"line":9},"2":{"name":"(anonymous_2)","decl":{"start":{"line":16,"column":19},"end":{"line":16,"column":20}},"loc":{"start":{"line":16,"column":46},"end":{"line":20,"column":1}},"line":16},"3":{"name":"(anonymous_3)","decl":{"start":{"line":22,"column":19},"end":{"line":22,"column":20}},"loc":{"start":{"line":22,"column":46},"end":{"line":27,"column":1}},"line":22}},"branchMap":{"0":{"loc":{"start":{"line":25,"column":2},"end":{"line":25,"column":77}},"type":"if","locations":[{"start":{"line":25,"column":2},"end":{"line":25,"column":77}},{"start":{},"end":{}}],"line":25}},"s":{"0":3,"1":3,"2":0,"3":0,"4":0,"5":3,"6":0,"7":0,"8":0,"9":0,"10":3,"11":0,"12":0,"13":0,"14":3,"15":0,"16":0,"17":0,"18":0,"19":0,"20":3},"f":{"0":0,"1":0,"2":0,"3":0},"b":{"0":[0,0]},"_coverageSchema":"1a1c01bbd47fc00a2c39e90264f33305004495a9","hash":"47f927ed09a1489717b356101903aa9b58594fa3"}
,"/home/paula/documentos/Blitz de Carreira/backend/src/database/config/config.js": {"path":"/home/paula/documentos/Blitz de Carreira/backend/src/database/config/config.js","statementMap":{"0":{"start":{"line":1,"column":0},"end":{"line":1,"column":27}},"1":{"start":{"line":3,"column":20},"end":{"line":3,"column":50}},"2":{"start":{"line":5,"column":15},"end":{"line":9,"column":1}},"3":{"start":{"line":11,"column":16},"end":{"line":22,"column":1}},"4":{"start":{"line":24,"column":0},"end":{"line":31,"column":2}}},"fnMap":{},"branchMap":{"0":{"loc":{"start":{"line":3,"column":20},"end":{"line":3,"column":50}},"type":"binary-expr","locations":[{"start":{"line":3,"column":20},"end":{"line":3,"column":40}},{"start":{"line":3,"column":44},"end":{"line":3,"column":50}}],"line":3},"1":{"loc":{"start":{"line":12,"column":8},"end":{"line":12,"column":71}},"type":"binary-expr","locations":[{"start":{"line":12,"column":8},"end":{"line":12,"column":28}},{"start":{"line":12,"column":32},"end":{"line":12,"column":54}},{"start":{"line":12,"column":58},"end":{"line":12,"column":71}}],"line":12},"2":{"loc":{"start":{"line":13,"column":8},"end":{"line":13,"column":40}},"type":"binary-expr","locations":[{"start":{"line":13,"column":8},"end":{"line":13,"column":30}},{"start":{"line":13,"column":34},"end":{"line":13,"column":40}}],"line":13},"3":{"loc":{"start":{"line":15,"column":7},"end":{"line":15,"column":47}},"type":"binary-expr","locations":[{"start":{"line":15,"column":7},"end":{"line":15,"column":32}},{"start":{"line":15,"column":36},"end":{"line":15,"column":47}}],"line":15},"4":{"loc":{"start":{"line":15,"column":50},"end":{"line":15,"column":84}},"type":"binary-expr","locations":[{"start":{"line":15,"column":50},"end":{"line":15,"column":69}},{"start":{"line":15,"column":73},"end":{"line":15,"column":84}}],"line":15},"5":{"loc":{"start":{"line":16,"column":12},"end":{"line":16,"column":44}},"type":"binary-expr","locations":[{"start":{"line":16,"column":12},"end":{"line":16,"column":34}},{"start":{"line":16,"column":38},"end":{"line":16,"column":44}}],"line":16},"6":{"loc":{"start":{"line":17,"column":12},"end":{"line":17,"column":48}},"type":"binary-expr","locations":[{"start":{"line":17,"column":12},"end":{"line":17,"column":38}},{"start":{"line":17,"column":42},"end":{"line":17,"column":48}}],"line":17}},"s":{"0":6,"1":6,"2":6,"3":6,"4":6},"f":{},"b":{"0":[6,0],"1":[6,6,0],"2":[6,0],"3":[6,0],"4":[6,0],"5":[6,0],"6":[6,0]},"_coverageSchema":"1a1c01bbd47fc00a2c39e90264f33305004495a9","hash":"087e77ac757848628e6b7fac63ee4a6c5a351c86"}
,"/home/paula/documentos/Blitz de Carreira/backend/src/middlewares/registerValidation.js": {"path":"/home/paula/documentos/Blitz de Carreira/backend/src/middlewares/registerValidation.js","statementMap":{"0":{"start":{"line":1,"column":27},"end":{"line":19,"column":1}},"1":{"start":{"line":2,"column":51},"end":{"line":2,"column":59}},"2":{"start":{"line":3,"column":2},"end":{"line":6,"column":3}},"3":{"start":{"line":4,"column":4},"end":{"line":5,"column":80}},"4":{"start":{"line":7,"column":2},"end":{"line":10,"column":3}},"5":{"start":{"line":8,"column":4},"end":{"line":9,"column":79}},"6":{"start":{"line":11,"column":2},"end":{"line":13,"column":3}},"7":{"start":{"line":12,"column":4},"end":{"line":12,"column":78}},"8":{"start":{"line":14,"column":2},"end":{"line":17,"column":3}},"9":{"start":{"line":15,"column":4},"end":{"line":16,"column":79}},"10":{"start":{"line":18,"column":2},"end":{"line":18,"column":9}},"11":{"start":{"line":21,"column":0},"end":{"line":21,"column":36}}},"fnMap":{"0":{"name":"(anonymous_0)","decl":{"start":{"line":1,"column":27},"end":{"line":1,"column":28}},"loc":{"start":{"line":1,"column":47},"end":{"line":19,"column":1}},"line":1}},"branchMap":{"0":{"loc":{"start":{"line":3,"column":2},"end":{"line":6,"column":3}},"type":"if","locations":[{"start":{"line":3,"column":2},"end":{"line":6,"column":3}},{"start":{},"end":{}}],"line":3},"1":{"loc":{"start":{"line":7,"column":2},"end":{"line":10,"column":3}},"type":"if","locations":[{"start":{"line":7,"column":2},"end":{"line":10,"column":3}},{"start":{},"end":{}}],"line":7},"2":{"loc":{"start":{"line":11,"column":2},"end":{"line":13,"column":3}},"type":"if","locations":[{"start":{"line":11,"column":2},"end":{"line":13,"column":3}},{"start":{},"end":{}}],"line":11},"3":{"loc":{"start":{"line":14,"column":2},"end":{"line":17,"column":3}},"type":"if","locations":[{"start":{"line":14,"column":2},"end":{"line":17,"column":3}},{"start":{},"end":{}}],"line":14}},"s":{"0":2,"1":0,"2":0,"3":0,"4":0,"5":0,"6":0,"7":0,"8":0,"9":0,"10":0,"11":2},"f":{"0":0},"b":{"0":[0,0],"1":[0,0],"2":[0,0],"3":[0,0]},"_coverageSchema":"1a1c01bbd47fc00a2c39e90264f33305004495a9","hash":"41e583e168b0cc2dd091247c58729fcce7678cfc"}
,"/home/paula/documentos/Blitz de Carreira/backend/src/middlewares/taskValidation.js": {"path":"/home/paula/documentos/Blitz de Carreira/backend/src/middlewares/taskValidation.js","statementMap":{"0":{"start":{"line":1,"column":23},"end":{"line":12,"column":1}},"1":{"start":{"line":2,"column":26},"end":{"line":2,"column":34}},"2":{"start":{"line":3,"column":2},"end":{"line":6,"column":3}},"3":{"start":{"line":4,"column":4},"end":{"line":5,"column":82}},"4":{"start":{"line":11,"column":2},"end":{"line":11,"column":9}},"5":{"start":{"line":14,"column":0},"end":{"line":14,"column":32}}},"fnMap":{"0":{"name":"(anonymous_0)","decl":{"start":{"line":1,"column":23},"end":{"line":1,"column":24}},"loc":{"start":{"line":1,"column":43},"end":{"line":12,"column":1}},"line":1}},"branchMap":{"0":{"loc":{"start":{"line":3,"column":2},"end":{"line":6,"column":3}},"type":"if","locations":[{"start":{"line":3,"column":2},"end":{"line":6,"column":3}},{"start":{},"end":{}}],"line":3}},"s":{"0":2,"1":0,"2":0,"3":0,"4":0,"5":2},"f":{"0":0},"b":{"0":[0,0]},"_coverageSchema":"1a1c01bbd47fc00a2c39e90264f33305004495a9","hash":"fc7513ffc8333523b2d6fe8410d014ad401816cd"}
,"/home/paula/documentos/Blitz de Carreira/backend/src/middlewares/tokenValidation.js": {"path":"/home/paula/documentos/Blitz de Carreira/backend/src/middlewares/tokenValidation.js","statementMap":{"0":{"start":{"line":1,"column":0},"end":{"line":1,"column":27}},"1":{"start":{"line":2,"column":12},"end":{"line":2,"column":35}},"2":{"start":{"line":3,"column":22},"end":{"line":3,"column":42}},"3":{"start":{"line":5,"column":24},"end":{"line":17,"column":1}},"4":{"start":{"line":6,"column":2},"end":{"line":16,"column":3}},"5":{"start":{"line":7,"column":18},"end":{"line":7,"column":43}},"6":{"start":{"line":8,"column":4},"end":{"line":8,"column":76}},"7":{"start":{"line":8,"column":16},"end":{"line":8,"column":76}},"8":{"start":{"line":9,"column":20},"end":{"line":9,"column":61}},"9":{"start":{"line":10,"column":26},"end":{"line":10,"column":91}},"10":{"start":{"line":11,"column":4},"end":{"line":11,"column":81}},"11":{"start":{"line":11,"column":24},"end":{"line":11,"column":81}},"12":{"start":{"line":12,"column":4},"end":{"line":12,"column":33}},"13":{"start":{"line":13,"column":4},"end":{"line":13,"column":11}},"14":{"start":{"line":15,"column":4},"end":{"line":15,"column":73}},"15":{"start":{"line":19,"column":0},"end":{"line":19,"column":33}}},"fnMap":{"0":{"name":"(anonymous_0)","decl":{"start":{"line":5,"column":24},"end":{"line":5,"column":25}},"loc":{"start":{"line":5,"column":50},"end":{"line":17,"column":1}},"line":5}},"branchMap":{"0":{"loc":{"start":{"line":8,"column":4},"end":{"line":8,"column":76}},"type":"if","locations":[{"start":{"line":8,"column":4},"end":{"line":8,"column":76}},{"start":{},"end":{}}],"line":8},"1":{"loc":{"start":{"line":11,"column":4},"end":{"line":11,"column":81}},"type":"if","locations":[{"start":{"line":11,"column":4},"end":{"line":11,"column":81}},{"start":{},"end":{}}],"line":11}},"s":{"0":2,"1":2,"2":2,"3":2,"4":0,"5":0,"6":0,"7":0,"8":0,"9":0,"10":0,"11":0,"12":0,"13":0,"14":0,"15":2},"f":{"0":0},"b":{"0":[0,0],"1":[0,0]},"_coverageSchema":"1a1c01bbd47fc00a2c39e90264f33305004495a9","hash":"cea258aa26bf57192ad9e819483f232b2c9ea080"}
,"/home/paula/documentos/Blitz de Carreira/backend/src/models/employees.js": {"path":"/home/paula/documentos/Blitz de Carreira/backend/src/models/employees.js","statementMap":{"0":{"start":{"line":4,"column":4},"end":{"line":4,"column":24}},"1":{"start":{"line":5,"column":0},"end":{"line":27,"column":2}},"2":{"start":{"line":13,"column":6},"end":{"line":13,"column":81}},"3":{"start":{"line":16,"column":2},"end":{"line":25,"column":5}},"4":{"start":{"line":26,"column":2},"end":{"line":26,"column":19}}},"fnMap":{"0":{"name":"(anonymous_0)","decl":{"start":{"line":5,"column":17},"end":{"line":5,"column":18}},"loc":{"start":{"line":5,"column":43},"end":{"line":27,"column":1}},"line":5},"1":{"name":"(anonymous_1)","decl":{"start":{"line":12,"column":4},"end":{"line":12,"column":5}},"loc":{"start":{"line":12,"column":29},"end":{"line":14,"column":5}},"line":12}},"branchMap":{},"s":{"0":6,"1":6,"2":6,"3":6,"4":6},"f":{"0":6,"1":6},"b":{},"_coverageSchema":"1a1c01bbd47fc00a2c39e90264f33305004495a9","hash":"b6ea5ecdc6bb84a999c319d2a22a02a94fc55204"}
,"/home/paula/documentos/Blitz de Carreira/backend/src/models/index.js": {"path":"/home/paula/documentos/Blitz de Carreira/backend/src/models/index.js","statementMap":{"0":{"start":{"line":3,"column":11},"end":{"line":3,"column":24}},"1":{"start":{"line":4,"column":13},"end":{"line":4,"column":28}},"2":{"start":{"line":5,"column":18},"end":{"line":5,"column":38}},"3":{"start":{"line":6,"column":17},"end":{"line":6,"column":42}},"4":{"start":{"line":7,"column":12},"end":{"line":7,"column":49}},"5":{"start":{"line":8,"column":15},"end":{"line":8,"column":72}},"6":{"start":{"line":9,"column":11},"end":{"line":9,"column":13}},"7":{"start":{"line":12,"column":0},"end":{"line":16,"column":1}},"8":{"start":{"line":13,"column":2},"end":{"line":13,"column":74}},"9":{"start":{"line":15,"column":2},"end":{"line":15,"column":87}},"10":{"start":{"line":18,"column":0},"end":{"line":26,"column":5}},"11":{"start":{"line":21,"column":4},"end":{"line":21,"column":90}},"12":{"start":{"line":24,"column":18},"end":{"line":24,"column":85}},"13":{"start":{"line":25,"column":4},"end":{"line":25,"column":27}},"14":{"start":{"line":28,"column":0},"end":{"line":32,"column":3}},"15":{"start":{"line":29,"column":2},"end":{"line":31,"column":3}},"16":{"start":{"line":30,"column":4},"end":{"line":30,"column":32}},"17":{"start":{"line":34,"column":0},"end":{"line":34,"column":25}},"18":{"start":{"line":35,"column":0},"end":{"line":35,"column":25}},"19":{"start":{"line":37,"column":0},"end":{"line":37,"column":20}}},"fnMap":{"0":{"name":"(anonymous_0)","decl":{"start":{"line":20,"column":10},"end":{"line":20,"column":11}},"loc":{"start":{"line":20,"column":18},"end":{"line":22,"column":3}},"line":20},"1":{"name":"(anonymous_1)","decl":{"start":{"line":23,"column":11},"end":{"line":23,"column":12}},"loc":{"start":{"line":23,"column":19},"end":{"line":26,"column":3}},"line":23},"2":{"name":"(anonymous_2)","decl":{"start":{"line":28,"column":24},"end":{"line":28,"column":25}},"loc":{"start":{"line":28,"column":37},"end":{"line":32,"column":1}},"line":28}},"branchMap":{"0":{"loc":{"start":{"line":7,"column":12},"end":{"line":7,"column":49}},"type":"binary-expr","locations":[{"start":{"line":7,"column":12},"end":{"line":7,"column":32}},{"start":{"line":7,"column":36},"end":{"line":7,"column":49}}],"line":7},"1":{"loc":{"start":{"line":12,"column":0},"end":{"line":16,"column":1}},"type":"if","locations":[{"start":{"line":12,"column":0},"end":{"line":16,"column":1}},{"start":{"line":14,"column":7},"end":{"line":16,"column":1}}],"line":12},"2":{"loc":{"start":{"line":21,"column":11},"end":{"line":21,"column":89}},"type":"binary-expr","locations":[{"start":{"line":21,"column":12},"end":{"line":21,"column":35}},{"start":{"line":21,"column":41},"end":{"line":21,"column":58}},{"start":{"line":21,"column":64},"end":{"line":21,"column":88}}],"line":21},"3":{"loc":{"start":{"line":29,"column":2},"end":{"line":31,"column":3}},"type":"if","locations":[{"start":{"line":29,"column":2},"end":{"line":31,"column":3}},{"start":{},"end":{}}],"line":29}},"s":{"0":6,"1":6,"2":6,"3":6,"4":6,"5":6,"6":6,"7":6,"8":0,"9":6,"10":6,"11":18,"12":12,"13":12,"14":6,"15":12,"16":12,"17":6,"18":6,"19":6},"f":{"0":18,"1":12,"2":12},"b":{"0":[6,0],"1":[0,6],"2":[18,18,12],"3":[12,0]},"_coverageSchema":"1a1c01bbd47fc00a2c39e90264f33305004495a9","hash":"75b008d276eb5d355c55735ae4f7a1abdc6106cb"}
,"/home/paula/documentos/Blitz de Carreira/backend/src/models/tasks.js": {"path":"/home/paula/documentos/Blitz de Carreira/backend/src/models/tasks.js","statementMap":{"0":{"start":{"line":4,"column":4},"end":{"line":4,"column":24}},"1":{"start":{"line":5,"column":0},"end":{"line":24,"column":2}},"2":{"start":{"line":16,"column":2},"end":{"line":22,"column":5}},"3":{"start":{"line":23,"column":2},"end":{"line":23,"column":15}}},"fnMap":{"0":{"name":"(anonymous_0)","decl":{"start":{"line":5,"column":17},"end":{"line":5,"column":18}},"loc":{"start":{"line":5,"column":43},"end":{"line":24,"column":1}},"line":5},"1":{"name":"(anonymous_1)","decl":{"start":{"line":12,"column":4},"end":{"line":12,"column":5}},"loc":{"start":{"line":12,"column":29},"end":{"line":14,"column":5}},"line":12}},"branchMap":{},"s":{"0":6,"1":6,"2":6,"3":6},"f":{"0":6,"1":6},"b":{},"_coverageSchema":"1a1c01bbd47fc00a2c39e90264f33305004495a9","hash":"fd5519e709876d6e2a36b1f8362172673f1a5e3e"}
,"/home/paula/documentos/Blitz de Carreira/backend/src/routes/index.js": {"path":"/home/paula/documentos/Blitz de Carreira/backend/src/routes/index.js","statementMap":{"0":{"start":{"line":1,"column":16},"end":{"line":1,"column":34}},"1":{"start":{"line":2,"column":20},"end":{"line":2,"column":38}},"2":{"start":{"line":3,"column":23},"end":{"line":3,"column":44}},"3":{"start":{"line":4,"column":20},"end":{"line":4,"column":38}},"4":{"start":{"line":6,"column":15},"end":{"line":6,"column":31}},"5":{"start":{"line":8,"column":0},"end":{"line":8,"column":34}},"6":{"start":{"line":9,"column":0},"end":{"line":9,"column":40}},"7":{"start":{"line":10,"column":0},"end":{"line":10,"column":34}},"8":{"start":{"line":12,"column":0},"end":{"line":12,"column":24}}},"fnMap":{},"branchMap":{},"s":{"0":3,"1":3,"2":3,"3":3,"4":3,"5":3,"6":3,"7":3,"8":3},"f":{},"b":{},"_coverageSchema":"1a1c01bbd47fc00a2c39e90264f33305004495a9","hash":"c54524206f341639f5f368f63487ce679d64323b"}
,"/home/paula/documentos/Blitz de Carreira/backend/src/routes/login/index.js": {"path":"/home/paula/documentos/Blitz de Carreira/backend/src/routes/login/index.js","statementMap":{"0":{"start":{"line":1,"column":16},"end":{"line":1,"column":34}},"1":{"start":{"line":2,"column":24},"end":{"line":2,"column":68}},"2":{"start":{"line":4,"column":20},"end":{"line":4,"column":36}},"3":{"start":{"line":6,"column":0},"end":{"line":6,"column":45}},"4":{"start":{"line":8,"column":0},"end":{"line":8,"column":29}}},"fnMap":{},"branchMap":{},"s":{"0":3,"1":3,"2":3,"3":3,"4":3},"f":{},"b":{},"_coverageSchema":"1a1c01bbd47fc00a2c39e90264f33305004495a9","hash":"1539085601eafb99d4107711a97124f90e289860"}
,"/home/paula/documentos/Blitz de Carreira/backend/src/routes/register/index.js": {"path":"/home/paula/documentos/Blitz de Carreira/backend/src/routes/register/index.js","statementMap":{"0":{"start":{"line":1,"column":16},"end":{"line":1,"column":34}},"1":{"start":{"line":2,"column":27},"end":{"line":2,"column":74}},"2":{"start":{"line":3,"column":27},"end":{"line":3,"column":74}},"3":{"start":{"line":5,"column":23},"end":{"line":5,"column":39}},"4":{"start":{"line":7,"column":0},"end":{"line":7,"column":77}},"5":{"start":{"line":9,"column":0},"end":{"line":9,"column":32}}},"fnMap":{},"branchMap":{},"s":{"0":3,"1":3,"2":3,"3":3,"4":3,"5":3},"f":{},"b":{},"_coverageSchema":"1a1c01bbd47fc00a2c39e90264f33305004495a9","hash":"6a8d2b37f348d663efc896a227746fdefae68fc9"}
,"/home/paula/documentos/Blitz de Carreira/backend/src/routes/tasks/index.js": {"path":"/home/paula/documentos/Blitz de Carreira/backend/src/routes/tasks/index.js","statementMap":{"0":{"start":{"line":1,"column":16},"end":{"line":1,"column":34}},"1":{"start":{"line":2,"column":24},"end":{"line":2,"column":68}},"2":{"start":{"line":3,"column":23},"end":{"line":3,"column":66}},"3":{"start":{"line":4,"column":24},"end":{"line":4,"column":68}},"4":{"start":{"line":6,"column":20},"end":{"line":6,"column":36}},"5":{"start":{"line":8,"column":0},"end":{"line":8,"column":64}},"6":{"start":{"line":9,"column":0},"end":{"line":9,"column":80}},"7":{"start":{"line":10,"column":0},"end":{"line":10,"column":82}},"8":{"start":{"line":11,"column":0},"end":{"line":11,"column":72}},"9":{"start":{"line":13,"column":0},"end":{"line":13,"column":29}}},"fnMap":{},"branchMap":{},"s":{"0":3,"1":3,"2":3,"3":3,"4":3,"5":3,"6":3,"7":3,"8":3,"9":3},"f":{},"b":{},"_coverageSchema":"1a1c01bbd47fc00a2c39e90264f33305004495a9","hash":"d50e91dec81a5dce2ecdf11ce2534cca762d32c4"}
,"/home/paula/documentos/Blitz de Carreira/backend/src/services/loginService.js": {"path":"/home/paula/documentos/Blitz de Carreira/backend/src/services/loginService.js","statementMap":{"0":{"start":{"line":1,"column":22},"end":{"line":1,"column":42}},"1":{"start":{"line":2,"column":22},"end":{"line":2,"column":55}},"2":{"start":{"line":4,"column":19},"end":{"line":10,"column":1}},"3":{"start":{"line":5,"column":19},"end":{"line":5,"column":64}},"4":{"start":{"line":6,"column":2},"end":{"line":6,"column":112}},"5":{"start":{"line":6,"column":51},"end":{"line":6,"column":112}},"6":{"start":{"line":7,"column":50},"end":{"line":7,"column":69}},"7":{"start":{"line":8,"column":16},"end":{"line":8,"column":43}},"8":{"start":{"line":9,"column":2},"end":{"line":9,"column":15}},"9":{"start":{"line":12,"column":0},"end":{"line":12,"column":32}}},"fnMap":{"0":{"name":"(anonymous_0)","decl":{"start":{"line":4,"column":19},"end":{"line":4,"column":20}},"loc":{"start":{"line":4,"column":46},"end":{"line":10,"column":1}},"line":4}},"branchMap":{"0":{"loc":{"start":{"line":6,"column":2},"end":{"line":6,"column":112}},"type":"if","locations":[{"start":{"line":6,"column":2},"end":{"line":6,"column":112}},{"start":{},"end":{}}],"line":6},"1":{"loc":{"start":{"line":6,"column":6},"end":{"line":6,"column":49}},"type":"binary-expr","locations":[{"start":{"line":6,"column":6},"end":{"line":6,"column":15}},{"start":{"line":6,"column":19},"end":{"line":6,"column":49}}],"line":6}},"s":{"0":4,"1":4,"2":4,"3":2,"4":2,"5":1,"6":1,"7":1,"8":1,"9":4},"f":{"0":2},"b":{"0":[1,1],"1":[2,2]},"_coverageSchema":"1a1c01bbd47fc00a2c39e90264f33305004495a9","hash":"22444ec06aa5c79b296d233f94400a631f8d0ffc"}
,"/home/paula/documentos/Blitz de Carreira/backend/src/services/registerService.js": {"path":"/home/paula/documentos/Blitz de Carreira/backend/src/services/registerService.js","statementMap":{"0":{"start":{"line":1,"column":22},"end":{"line":1,"column":42}},"1":{"start":{"line":2,"column":22},"end":{"line":2,"column":55}},"2":{"start":{"line":4,"column":15},"end":{"line":11,"column":1}},"3":{"start":{"line":5,"column":25},"end":{"line":5,"column":70}},"4":{"start":{"line":6,"column":2},"end":{"line":6,"column":92}},"5":{"start":{"line":6,"column":22},"end":{"line":6,"column":92}},"6":{"start":{"line":7,"column":22},"end":{"line":7,"column":86}},"7":{"start":{"line":8,"column":50},"end":{"line":8,"column":72}},"8":{"start":{"line":9,"column":16},"end":{"line":9,"column":43}},"9":{"start":{"line":10,"column":2},"end":{"line":10,"column":15}},"10":{"start":{"line":13,"column":0},"end":{"line":13,"column":28}}},"fnMap":{"0":{"name":"(anonymous_0)","decl":{"start":{"line":4,"column":15},"end":{"line":4,"column":16}},"loc":{"start":{"line":4,"column":63},"end":{"line":11,"column":1}},"line":4}},"branchMap":{"0":{"loc":{"start":{"line":6,"column":2},"end":{"line":6,"column":92}},"type":"if","locations":[{"start":{"line":6,"column":2},"end":{"line":6,"column":92}},{"start":{},"end":{}}],"line":6}},"s":{"0":4,"1":4,"2":4,"3":2,"4":2,"5":1,"6":1,"7":1,"8":1,"9":1,"10":4},"f":{"0":2},"b":{"0":[1,1]},"_coverageSchema":"1a1c01bbd47fc00a2c39e90264f33305004495a9","hash":"d550f6b1d53b0e004ece794d19d97fa88af42dc8"}
,"/home/paula/documentos/Blitz de Carreira/backend/src/services/tasksService.js": {"path":"/home/paula/documentos/Blitz de Carreira/backend/src/services/tasksService.js","statementMap":{"0":{"start":{"line":1,"column":29},"end":{"line":1,"column":49}},"1":{"start":{"line":3,"column":15},"end":{"line":9,"column":1}},"2":{"start":{"line":4,"column":16},"end":{"line":7,"column":4}},"3":{"start":{"line":8,"column":2},"end":{"line":8,"column":15}},"4":{"start":{"line":11,"column":15},"end":{"line":15,"column":1}},"5":{"start":{"line":12,"column":18},"end":{"line":12,"column":73}},"6":{"start":{"line":13,"column":15},"end":{"line":13,"column":79}},"7":{"start":{"line":14,"column":2},"end":{"line":14,"column":14}},"8":{"start":{"line":17,"column":15},"end":{"line":21,"column":1}},"9":{"start":{"line":18,"column":2},"end":{"line":18,"column":65}},"10":{"start":{"line":19,"column":15},"end":{"line":19,"column":39}},"11":{"start":{"line":20,"column":2},"end":{"line":20,"column":14}},"12":{"start":{"line":23,"column":15},"end":{"line":28,"column":1}},"13":{"start":{"line":24,"column":15},"end":{"line":24,"column":39}},"14":{"start":{"line":25,"column":2},"end":{"line":25,"column":79}},"15":{"start":{"line":25,"column":13},"end":{"line":25,"column":79}},"16":{"start":{"line":26,"column":2},"end":{"line":26,"column":41}},"17":{"start":{"line":27,"column":2},"end":{"line":27,"column":52}},"18":{"start":{"line":30,"column":0},"end":{"line":30,"column":52}}},"fnMap":{"0":{"name":"(anonymous_0)","decl":{"start":{"line":3,"column":15},"end":{"line":3,"column":16}},"loc":{"start":{"line":3,"column":29},"end":{"line":9,"column":1}},"line":3},"1":{"name":"(anonymous_1)","decl":{"start":{"line":11,"column":15},"end":{"line":11,"column":16}},"loc":{"start":{"line":11,"column":58},"end":{"line":15,"column":1}},"line":11},"2":{"name":"(anonymous_2)","decl":{"start":{"line":17,"column":15},"end":{"line":17,"column":16}},"loc":{"start":{"line":17,"column":50},"end":{"line":21,"column":1}},"line":17},"3":{"name":"(anonymous_3)","decl":{"start":{"line":23,"column":15},"end":{"line":23,"column":16}},"loc":{"start":{"line":23,"column":29},"end":{"line":28,"column":1}},"line":23}},"branchMap":{"0":{"loc":{"start":{"line":25,"column":2},"end":{"line":25,"column":79}},"type":"if","locations":[{"start":{"line":25,"column":2},"end":{"line":25,"column":79}},{"start":{},"end":{}}],"line":25}},"s":{"0":4,"1":4,"2":1,"3":1,"4":4,"5":1,"6":1,"7":1,"8":4,"9":3,"10":3,"11":3,"12":4,"13":0,"14":0,"15":0,"16":0,"17":0,"18":4},"f":{"0":1,"1":1,"2":3,"3":0},"b":{"0":[0,0]},"_coverageSchema":"1a1c01bbd47fc00a2c39e90264f33305004495a9","hash":"8508a9d80478be1a19ec6d3ecc984fa5dc8f849d"}
,"/home/paula/documentos/Blitz de Carreira/backend/src/utils/generateToken.js": {"path":"/home/paula/documentos/Blitz de Carreira/backend/src/utils/generateToken.js","statementMap":{"0":{"start":{"line":1,"column":0},"end":{"line":1,"column":27}},"1":{"start":{"line":2,"column":12},"end":{"line":2,"column":35}},"2":{"start":{"line":4,"column":18},"end":{"line":7,"column":1}},"3":{"start":{"line":9,"column":22},"end":{"line":12,"column":1}},"4":{"start":{"line":10,"column":16},"end":{"line":10,"column":78}},"5":{"start":{"line":11,"column":2},"end":{"line":11,"column":15}},"6":{"start":{"line":14,"column":0},"end":{"line":14,"column":31}}},"fnMap":{"0":{"name":"(anonymous_0)","decl":{"start":{"line":9,"column":22},"end":{"line":9,"column":23}},"loc":{"start":{"line":9,"column":35},"end":{"line":12,"column":1}},"line":9}},"branchMap":{},"s":{"0":5,"1":5,"2":5,"3":5,"4":2,"5":2,"6":5},"f":{"0":2},"b":{},"_coverageSchema":"1a1c01bbd47fc00a2c39e90264f33305004495a9","hash":"6473d5c7070b7008eaaaac2129722c487cb6cb3c"}
}
